ERROR 2013-01-24 16:52:23,481 event_calculation 34753 140735155026272 unexpected user Dave trying to edit <class 'mainPage.models.Event'>: 2012-07-01 None A truly random name blah None False
ERROR 2013-01-24 16:55:18,762 event_calculation 35080 140735155026272 unexpected user Dave trying to edit <class 'mainPage.models.Event'>: 2012-07-01 None A truly random name blah None False
ERROR 2013-01-24 16:57:46,378 event_calculation 35401 140735155026272 unexpected user Dave trying to edit <class 'mainPage.models.Event'>: 2012-07-01 None A truly random name blah None False
ERROR 2013-01-24 17:03:16,739 event_calculation 35766 140735155026272 unexpected user Dave trying to edit <class 'mainPage.models.Event'>: 2012-07-01 None A truly random name blah None False
ERROR 2013-01-24 17:09:35,712 event_calculation 36135 140735155026272 unexpected user Dave trying to edit <class 'mainPage.models.Event'>: 2012-07-01 None A truly random name blah None False
ERROR 2013-01-24 17:10:44,493 event_calculation 36443 140735155026272 unexpected user Dave trying to edit <class 'mainPage.models.Event'>: 2012-07-01 None A truly random name blah None False
ERROR 2013-01-24 17:14:23,390 event_calculation 36775 140735155026272 unexpected user Dave trying to edit <class 'mainPage.models.Event'>: 2012-07-01 None A truly random name blah None False
ERROR 2013-01-24 17:17:06,675 event_calculation 37100 140735155026272 unexpected user Dave trying to edit <class 'mainPage.models.Event'>: 2012-07-01 None A truly random name blah None False
ERROR 2013-01-24 17:18:33,508 event_calculation 37412 140735155026272 unexpected user Dave trying to edit <class 'mainPage.models.Event'>: 2012-07-01 None A truly random name blah None False
ERROR 2013-01-24 17:22:31,069 event_calculation 37752 140735155026272 unexpected user Dave trying to edit <class 'mainPage.models.Event'>: 2012-07-01 None A truly random name blah None False
ERROR 2013-01-24 17:22:33,913 views 37752 140735155026272 form is invalid with <ul class="errorlist"><li>event_date<ul class="errorlist"><li>This field is required.</li></ul></li><li>event<ul class="errorlist"><li>This field is required.</li></ul></li><li>title<ul class="errorlist"><li>Ensure this value has at most 100 characters (it has 150).</li></ul></li></ul>
ERROR 2013-01-24 17:22:36,821 event_calculation 37752 140735155026272 unexpected user Dave trying to edit <class 'mainPage.models.Event'>: 2012-06-20 None something today None False
ERROR 2013-01-24 17:22:36,832 event_calculation 37752 140735155026272 unexpected user Dave trying to edit <class 'mainPage.models.Event'>: 2012-06-20 None something today None False
ERROR 2013-01-24 17:22:38,360 views 37752 140735155026272 form is invalid with <ul class="errorlist"><li>end_date<ul class="errorlist"><li>This field is required.</li></ul></li></ul>
ERROR 2013-01-24 17:22:38,530 views 37752 140735155026272 form is invalid with <ul class="errorlist"><li>start_date<ul class="errorlist"><li>This field is required.</li></ul></li></ul>
ERROR 2013-01-29 12:40:25,883 event_calculation 63873 140735155026272 unexpected user Dave trying to edit <class 'mainPage.models.Event'>: 2012-07-01 None A truly random name blah None False
ERROR 2013-01-29 12:40:28,713 views 63873 140735155026272 form is invalid with <ul class="errorlist"><li>event_date<ul class="errorlist"><li>This field is required.</li></ul></li><li>event<ul class="errorlist"><li>This field is required.</li></ul></li><li>title<ul class="errorlist"><li>Ensure this value has at most 100 characters (it has 150).</li></ul></li></ul>
ERROR 2013-01-29 12:40:31,854 event_calculation 63873 140735155026272 unexpected user Dave trying to edit <class 'mainPage.models.Event'>: 2012-06-20 None something today None False
ERROR 2013-01-29 12:40:31,864 event_calculation 63873 140735155026272 unexpected user Dave trying to edit <class 'mainPage.models.Event'>: 2012-06-20 None something today None False
ERROR 2013-01-29 12:40:34,199 views 63873 140735155026272 form is invalid with <ul class="errorlist"><li>end_date<ul class="errorlist"><li>This field is required.</li></ul></li></ul>
ERROR 2013-01-29 12:40:34,423 views 63873 140735155026272 form is invalid with <ul class="errorlist"><li>start_date<ul class="errorlist"><li>This field is required.</li></ul></li></ul>
ERROR 2013-02-01 15:31:07,044 event_calculation 9335 140735155026272 unexpected user Dave trying to edit <class 'mainPage.models.Event'>: 2012-07-01 None A truly random name blah None False
ERROR 2013-02-01 15:31:09,801 views 9335 140735155026272 form is invalid with <ul class="errorlist"><li>event_date<ul class="errorlist"><li>This field is required.</li></ul></li><li>event<ul class="errorlist"><li>This field is required.</li></ul></li><li>title<ul class="errorlist"><li>Ensure this value has at most 100 characters (it has 150).</li></ul></li></ul>
ERROR 2013-02-01 15:31:12,535 event_calculation 9335 140735155026272 unexpected user Dave trying to edit <class 'mainPage.models.Event'>: 2012-06-20 None something today None False
ERROR 2013-02-01 15:31:12,546 event_calculation 9335 140735155026272 unexpected user Dave trying to edit <class 'mainPage.models.Event'>: 2012-06-20 None something today None False
ERROR 2013-02-01 15:31:14,076 views 9335 140735155026272 form is invalid with <ul class="errorlist"><li>end_date<ul class="errorlist"><li>This field is required.</li></ul></li></ul>
ERROR 2013-02-01 15:31:14,257 views 9335 140735155026272 form is invalid with <ul class="errorlist"><li>start_date<ul class="errorlist"><li>This field is required.</li></ul></li></ul>
ERROR 2013-02-01 16:32:30,722 event_calculation 10301 140735155026272 unexpected user Dave trying to edit <class 'mainPage.models.Event'>: 2012-07-01 None A truly random name blah None False
ERROR 2013-02-01 16:32:33,434 views 10301 140735155026272 form is invalid with <ul class="errorlist"><li>event_date<ul class="errorlist"><li>This field is required.</li></ul></li><li>event<ul class="errorlist"><li>This field is required.</li></ul></li><li>title<ul class="errorlist"><li>Ensure this value has at most 100 characters (it has 150).</li></ul></li></ul>
ERROR 2013-02-01 16:32:36,042 event_calculation 10301 140735155026272 unexpected user Dave trying to edit <class 'mainPage.models.Event'>: 2012-06-20 None something today None False
ERROR 2013-02-01 16:32:36,053 event_calculation 10301 140735155026272 unexpected user Dave trying to edit <class 'mainPage.models.Event'>: 2012-06-20 None something today None False
ERROR 2013-02-01 16:32:37,594 views 10301 140735155026272 form is invalid with <ul class="errorlist"><li>end_date<ul class="errorlist"><li>This field is required.</li></ul></li></ul>
ERROR 2013-02-01 16:32:37,781 views 10301 140735155026272 form is invalid with <ul class="errorlist"><li>start_date<ul class="errorlist"><li>This field is required.</li></ul></li></ul>
ERROR 2013-02-04 12:03:31,605 views 19644 140735155026272 form is invalid with <ul class="errorlist"><li>end_date<ul class="errorlist"><li>This field is required.</li></ul></li></ul>
ERROR 2013-02-04 12:03:31,775 views 19644 140735155026272 form is invalid with <ul class="errorlist"><li>start_date<ul class="errorlist"><li>This field is required.</li></ul></li></ul>
ERROR 2013-02-04 13:35:41,649 event_calculation 20796 140735155026272 unexpected user Dave trying to edit <class 'mainPage.models.Event'>: 2012-07-01 None A truly random name blah None False
ERROR 2013-02-04 13:35:44,957 views 20796 140735155026272 form is invalid with <ul class="errorlist"><li>event_date<ul class="errorlist"><li>This field is required.</li></ul></li><li>event<ul class="errorlist"><li>This field is required.</li></ul></li><li>title<ul class="errorlist"><li>Ensure this value has at most 100 characters (it has 150).</li></ul></li></ul>
ERROR 2013-02-04 13:35:48,208 event_calculation 20796 140735155026272 unexpected user Dave trying to edit <class 'mainPage.models.Event'>: 2012-06-20 None something today None False
ERROR 2013-02-04 13:35:48,219 event_calculation 20796 140735155026272 unexpected user Dave trying to edit <class 'mainPage.models.Event'>: 2012-06-20 None something today None False
ERROR 2013-02-04 13:35:49,728 views 20796 140735155026272 form is invalid with <ul class="errorlist"><li>end_date<ul class="errorlist"><li>This field is required.</li></ul></li></ul>
ERROR 2013-02-04 13:35:49,901 views 20796 140735155026272 form is invalid with <ul class="errorlist"><li>start_date<ul class="errorlist"><li>This field is required.</li></ul></li></ul>
